2023-10-02 03:31:51,334 - 
**************************************
* Website Response Log: 
* URL: https://www.youtube
* Content Verification Status: false
* Is Website Up: false
* Message: I/O error on GET request for "https://www.youtube": www.youtube
* Response Time (ms): 210
**************************************

2023-10-02 03:31:51,398 - 
**************************************
* Website Response Log: 
* URL: http://www.example.com
* Content Verification Status: false
* Is Website Up: true
* Message: Success
* Response Time (ms): 274
**************************************

2023-10-02 03:31:51,603 - 
**************************************
* Website Response Log: 
* URL: https://www.google.com
* Content Verification Status: false
* Is Website Up: true
* Message: Success
* Response Time (ms): 478
**************************************

2023-10-02 03:31:51,668 - 
**************************************
* Website Response Log: 
* URL: http://www.foobar.com/login
* Content Verification Status: false
* Is Website Up: false
* Message: 403 Forbidden: "<html><head><title>Error 403 - Forbidden</title><head><body><h1>Error 403 - Forbidden</h1><p>You don't have permission to access the requested resource. Please contact the web site owner for further assistance.</p></body></html>"
* Response Time (ms): 544
**************************************

2023-10-02 03:31:53,293 - 
**************************************
* Website Response Log: 
* URL: https://www.indiapost.gov.in/_layouts/15/dop.portal.tracking/trackconsignment.aspx
* Content Verification Status: false
* Is Website Up: true
* Message: Success
* Response Time (ms): 2167
**************************************

2023-10-02 03:31:56,306 - 
**************************************
* Website Response Log: 
* URL: http://www.foobar.com/login
* Content Verification Status: false
* Is Website Up: false
* Message: 403 Forbidden: "<html><head><title>Error 403 - Forbidden</title><head><body><h1>Error 403 - Forbidden</h1><p>You don't have permission to access the requested resource. Please contact the web site owner for further assistance.</p></body></html>"
* Response Time (ms): 201
**************************************

